<?xml version="1.0" encoding="UTF-8"?>
<testsuite xmlns:xsi="http://www.w3.org/2001/XMLSchema-instance" xsi:noNamespaceSchemaLocation="https://maven.apache.org/surefire/maven-surefire-plugin/xsd/surefire-test-report-3.0.xsd" version="3.0" name="org.apache.nifi.processors.customprocessor.MyProcessorTest" time="0.083" tests="1" errors="0" skipped="0" failures="0">
  <properties>
    <property name="awt.toolkit" value="sun.awt.X11.XToolkit"/>
    <property name="file.encoding.pkg" value="sun.io"/>
    <property name="java.specification.version" value="1.8"/>
    <property name="sun.cpu.isalist" value=""/>
    <property name="sun.jnu.encoding" value="UTF-8"/>
    <property name="java.class.path" value="/home/febarusco/MiC/nifi-registry-1.18.0/apache-nifi-fdlc/CustomProcessor/nifi-customprocessor-bundle/nifi-customprocessor-processors/target/test-classes:/home/febarusco/MiC/nifi-registry-1.18.0/apache-nifi-fdlc/CustomProcessor/nifi-customprocessor-bundle/nifi-customprocessor-processors/target/classes:/home/febarusco/.m2/repository/org/apache/nifi/nifi-api/1.18.0/nifi-api-1.18.0.jar:/home/febarusco/.m2/repository/org/apache/nifi/nifi-utils/1.18.0/nifi-utils-1.18.0.jar:/home/febarusco/.m2/repository/org/apache/nifi/nifi-mock/1.18.0/nifi-mock-1.18.0.jar:/home/febarusco/.m2/repository/org/apache/nifi/nifi-framework-api/1.18.0/nifi-framework-api-1.18.0.jar:/home/febarusco/.m2/repository/org/apache/nifi/nifi-parameter/1.18.0/nifi-parameter-1.18.0.jar:/home/febarusco/.m2/repository/org/apache/nifi/nifi-framework-core-api/1.18.0/nifi-framework-core-api-1.18.0.jar:/home/febarusco/.m2/repository/org/apache/nifi/nifi-framework-nar-utils/1.18.0/nifi-framework-nar-utils-1.18.0.jar:/home/febarusco/.m2/repository/org/apache/nifi/nifi-runtime-manifest-core/1.18.0/nifi-runtime-manifest-core-1.18.0.jar:/home/febarusco/.m2/repository/org/apache/nifi/nifi-extension-manifest-model/1.18.0/nifi-extension-manifest-model-1.18.0.jar:/home/febarusco/.m2/repository/org/apache/nifi/nifi-extension-manifest-parser/1.18.0/nifi-extension-manifest-parser-1.18.0.jar:/home/febarusco/.m2/repository/org/apache/nifi/nifi-client-dto/1.18.0/nifi-client-dto-1.18.0.jar:/home/febarusco/.m2/repository/io/swagger/swagger-annotations/1.6.6/swagger-annotations-1.6.6.jar:/home/febarusco/.m2/repository/org/apache/nifi/c2-protocol-component-api/1.18.0/c2-protocol-component-api-1.18.0.jar:/home/febarusco/.m2/repository/org/apache/nifi/nifi-site-to-site-client/1.18.0/nifi-site-to-site-client-1.18.0.jar:/home/febarusco/.m2/repository/org/apache/nifi/nifi-security-utils/1.18.0/nifi-security-utils-1.18.0.jar:/home/febarusco/.m2/repository/org/apache/nifi/nifi-deprecation-log/1.18.0/nifi-deprecation-log-1.18.0.jar:/home/febarusco/.m2/repository/org/apache/nifi/nifi-security-utils-api/1.18.0/nifi-security-utils-api-1.18.0.jar:/home/febarusco/.m2/repository/org/bouncycastle/bcprov-jdk15on/1.70/bcprov-jdk15on-1.70.jar:/home/febarusco/.m2/repository/org/bouncycastle/bcpkix-jdk15on/1.70/bcpkix-jdk15on-1.70.jar:/home/febarusco/.m2/repository/org/bouncycastle/bcutil-jdk15on/1.70/bcutil-jdk15on-1.70.jar:/home/febarusco/.m2/repository/org/apache/nifi/nifi-properties/1.18.0/nifi-properties-1.18.0.jar:/home/febarusco/.m2/repository/org/apache/nifi/nifi-property-utils/1.18.0/nifi-property-utils-1.18.0.jar:/home/febarusco/.m2/repository/at/favre/lib/bcrypt/0.9.0/bcrypt-0.9.0.jar:/home/febarusco/.m2/repository/at/favre/lib/bytes/1.3.0/bytes-1.3.0.jar:/home/febarusco/.m2/repository/org/apache/nifi/nifi-xml-processing/1.18.0/nifi-xml-processing-1.18.0.jar:/home/febarusco/.m2/repository/org/apache/httpcomponents/httpclient/4.5.13/httpclient-4.5.13.jar:/home/febarusco/.m2/repository/org/apache/httpcomponents/httpcore/4.4.15/httpcore-4.4.15.jar:/home/febarusco/.m2/repository/org/apache/httpcomponents/httpasyncclient/4.1.4/httpasyncclient-4.1.4.jar:/home/febarusco/.m2/repository/org/apache/httpcomponents/httpcore-nio/4.4.10/httpcore-nio-4.4.10.jar:/home/febarusco/.m2/repository/javax/validation/validation-api/2.0.1.Final/validation-api-2.0.1.Final.jar:/home/febarusco/.m2/repository/org/apache/commons/commons-lang3/3.12.0/commons-lang3-3.12.0.jar:/home/febarusco/.m2/repository/org/apache/nifi/nifi-framework-authorization/1.18.0/nifi-framework-authorization-1.18.0.jar:/home/febarusco/.m2/repository/org/apache/nifi/nifi-expression-language/1.18.0/nifi-expression-language-1.18.0.jar:/home/febarusco/.m2/repository/org/antlr/antlr-runtime/3.5.2/antlr-runtime-3.5.2.jar:/home/febarusco/.m2/repository/org/apache/nifi/nifi-uuid5/1.18.0/nifi-uuid5-1.18.0.jar:/home/febarusco/.m2/repository/com/jayway/jsonpath/json-path/2.6.0/json-path-2.6.0.jar:/home/febarusco/.m2/repository/net/minidev/json-smart/2.4.8/json-smart-2.4.8.jar:/home/febarusco/.m2/repository/net/minidev/accessors-smart/2.4.8/accessors-smart-2.4.8.jar:/home/febarusco/.m2/repository/org/ow2/asm/asm/9.1/asm-9.1.jar:/home/febarusco/.m2/repository/com/fasterxml/jackson/core/jackson-databind/2.13.4/jackson-databind-2.13.4.jar:/home/febarusco/.m2/repository/com/fasterxml/jackson/core/jackson-annotations/2.13.4/jackson-annotations-2.13.4.jar:/home/febarusco/.m2/repository/com/fasterxml/jackson/core/jackson-core/2.13.4/jackson-core-2.13.4.jar:/home/febarusco/.m2/repository/org/apache/commons/commons-text/1.8/commons-text-1.8.jar:/home/febarusco/.m2/repository/commons-codec/commons-codec/1.15/commons-codec-1.15.jar:/home/febarusco/.m2/repository/org/apache/nifi/nifi-data-provenance-utils/1.18.0/nifi-data-provenance-utils-1.18.0.jar:/home/febarusco/.m2/repository/org/slf4j/slf4j-simple/1.7.36/slf4j-simple-1.7.36.jar:/home/febarusco/.m2/repository/org/slf4j/slf4j-api/1.7.36/slf4j-api-1.7.36.jar:/home/febarusco/.m2/repository/org/junit/jupiter/junit-jupiter-api/5.9.0/junit-jupiter-api-5.9.0.jar:/home/febarusco/.m2/repository/org/opentest4j/opentest4j/1.2.0/opentest4j-1.2.0.jar:/home/febarusco/.m2/repository/org/junit/platform/junit-platform-commons/1.9.0/junit-platform-commons-1.9.0.jar:/home/febarusco/.m2/repository/org/apiguardian/apiguardian-api/1.1.2/apiguardian-api-1.1.2.jar:/home/febarusco/.m2/repository/org/junit/jupiter/junit-jupiter-engine/5.9.0/junit-jupiter-engine-5.9.0.jar:/home/febarusco/.m2/repository/org/junit/platform/junit-platform-engine/1.9.0/junit-platform-engine-1.9.0.jar:/home/febarusco/.m2/repository/org/junit/vintage/junit-vintage-engine/5.9.0/junit-vintage-engine-5.9.0.jar:/home/febarusco/.m2/repository/junit/junit/4.13.2/junit-4.13.2.jar:/home/febarusco/.m2/repository/org/hamcrest/hamcrest-core/1.3/hamcrest-core-1.3.jar:/home/febarusco/.m2/repository/org/junit/jupiter/junit-jupiter-params/5.9.0/junit-jupiter-params-5.9.0.jar:/home/febarusco/.m2/repository/org/mockito/mockito-core/3.11.2/mockito-core-3.11.2.jar:/home/febarusco/.m2/repository/net/bytebuddy/byte-buddy/1.11.3/byte-buddy-1.11.3.jar:/home/febarusco/.m2/repository/net/bytebuddy/byte-buddy-agent/1.11.3/byte-buddy-agent-1.11.3.jar:/home/febarusco/.m2/repository/org/objenesis/objenesis/3.2/objenesis-3.2.jar:/home/febarusco/.m2/repository/org/mockito/mockito-junit-jupiter/3.11.2/mockito-junit-jupiter-3.11.2.jar:/home/febarusco/.m2/repository/org/codehaus/groovy/groovy-test/3.0.9/groovy-test-3.0.9.jar:/home/febarusco/.m2/repository/org/codehaus/groovy/groovy/3.0.9/groovy-3.0.9.jar:"/>
    <property name="java.vm.vendor" value="Private Build"/>
    <property name="sun.arch.data.model" value="64"/>
    <property name="java.vendor.url" value="http://java.oracle.com/"/>
    <property name="user.timezone" value=""/>
    <property name="java.vm.specification.version" value="1.8"/>
    <property name="os.name" value="Linux"/>
    <property name="sun.java.launcher" value="SUN_STANDARD"/>
    <property name="user.country" value="US"/>
    <property name="sun.boot.library.path" value="/usr/lib/jvm/java-8-openjdk-amd64/jre/lib/amd64"/>
    <property name="sun.java.command" value="/home/febarusco/MiC/nifi-registry-1.18.0/apache-nifi-fdlc/CustomProcessor/nifi-customprocessor-bundle/nifi-customprocessor-processors/target/surefire/surefirebooter-20221107180347155_3.jar /home/febarusco/MiC/nifi-registry-1.18.0/apache-nifi-fdlc/CustomProcessor/nifi-customprocessor-bundle/nifi-customprocessor-processors/target/surefire 2022-11-07T18-03-44_512-jvmRun1 surefire-20221107180347155_1tmp surefire_0-20221107180347155_2tmp"/>
    <property name="surefire.test.class.path" value="/home/febarusco/MiC/nifi-registry-1.18.0/apache-nifi-fdlc/CustomProcessor/nifi-customprocessor-bundle/nifi-customprocessor-processors/target/test-classes:/home/febarusco/MiC/nifi-registry-1.18.0/apache-nifi-fdlc/CustomProcessor/nifi-customprocessor-bundle/nifi-customprocessor-processors/target/classes:/home/febarusco/.m2/repository/org/apache/nifi/nifi-api/1.18.0/nifi-api-1.18.0.jar:/home/febarusco/.m2/repository/org/apache/nifi/nifi-utils/1.18.0/nifi-utils-1.18.0.jar:/home/febarusco/.m2/repository/org/apache/nifi/nifi-mock/1.18.0/nifi-mock-1.18.0.jar:/home/febarusco/.m2/repository/org/apache/nifi/nifi-framework-api/1.18.0/nifi-framework-api-1.18.0.jar:/home/febarusco/.m2/repository/org/apache/nifi/nifi-parameter/1.18.0/nifi-parameter-1.18.0.jar:/home/febarusco/.m2/repository/org/apache/nifi/nifi-framework-core-api/1.18.0/nifi-framework-core-api-1.18.0.jar:/home/febarusco/.m2/repository/org/apache/nifi/nifi-framework-nar-utils/1.18.0/nifi-framework-nar-utils-1.18.0.jar:/home/febarusco/.m2/repository/org/apache/nifi/nifi-runtime-manifest-core/1.18.0/nifi-runtime-manifest-core-1.18.0.jar:/home/febarusco/.m2/repository/org/apache/nifi/nifi-extension-manifest-model/1.18.0/nifi-extension-manifest-model-1.18.0.jar:/home/febarusco/.m2/repository/org/apache/nifi/nifi-extension-manifest-parser/1.18.0/nifi-extension-manifest-parser-1.18.0.jar:/home/febarusco/.m2/repository/org/apache/nifi/nifi-client-dto/1.18.0/nifi-client-dto-1.18.0.jar:/home/febarusco/.m2/repository/io/swagger/swagger-annotations/1.6.6/swagger-annotations-1.6.6.jar:/home/febarusco/.m2/repository/org/apache/nifi/c2-protocol-component-api/1.18.0/c2-protocol-component-api-1.18.0.jar:/home/febarusco/.m2/repository/org/apache/nifi/nifi-site-to-site-client/1.18.0/nifi-site-to-site-client-1.18.0.jar:/home/febarusco/.m2/repository/org/apache/nifi/nifi-security-utils/1.18.0/nifi-security-utils-1.18.0.jar:/home/febarusco/.m2/repository/org/apache/nifi/nifi-deprecation-log/1.18.0/nifi-deprecation-log-1.18.0.jar:/home/febarusco/.m2/repository/org/apache/nifi/nifi-security-utils-api/1.18.0/nifi-security-utils-api-1.18.0.jar:/home/febarusco/.m2/repository/org/bouncycastle/bcprov-jdk15on/1.70/bcprov-jdk15on-1.70.jar:/home/febarusco/.m2/repository/org/bouncycastle/bcpkix-jdk15on/1.70/bcpkix-jdk15on-1.70.jar:/home/febarusco/.m2/repository/org/bouncycastle/bcutil-jdk15on/1.70/bcutil-jdk15on-1.70.jar:/home/febarusco/.m2/repository/org/apache/nifi/nifi-properties/1.18.0/nifi-properties-1.18.0.jar:/home/febarusco/.m2/repository/org/apache/nifi/nifi-property-utils/1.18.0/nifi-property-utils-1.18.0.jar:/home/febarusco/.m2/repository/at/favre/lib/bcrypt/0.9.0/bcrypt-0.9.0.jar:/home/febarusco/.m2/repository/at/favre/lib/bytes/1.3.0/bytes-1.3.0.jar:/home/febarusco/.m2/repository/org/apache/nifi/nifi-xml-processing/1.18.0/nifi-xml-processing-1.18.0.jar:/home/febarusco/.m2/repository/org/apache/httpcomponents/httpclient/4.5.13/httpclient-4.5.13.jar:/home/febarusco/.m2/repository/org/apache/httpcomponents/httpcore/4.4.15/httpcore-4.4.15.jar:/home/febarusco/.m2/repository/org/apache/httpcomponents/httpasyncclient/4.1.4/httpasyncclient-4.1.4.jar:/home/febarusco/.m2/repository/org/apache/httpcomponents/httpcore-nio/4.4.10/httpcore-nio-4.4.10.jar:/home/febarusco/.m2/repository/javax/validation/validation-api/2.0.1.Final/validation-api-2.0.1.Final.jar:/home/febarusco/.m2/repository/org/apache/commons/commons-lang3/3.12.0/commons-lang3-3.12.0.jar:/home/febarusco/.m2/repository/org/apache/nifi/nifi-framework-authorization/1.18.0/nifi-framework-authorization-1.18.0.jar:/home/febarusco/.m2/repository/org/apache/nifi/nifi-expression-language/1.18.0/nifi-expression-language-1.18.0.jar:/home/febarusco/.m2/repository/org/antlr/antlr-runtime/3.5.2/antlr-runtime-3.5.2.jar:/home/febarusco/.m2/repository/org/apache/nifi/nifi-uuid5/1.18.0/nifi-uuid5-1.18.0.jar:/home/febarusco/.m2/repository/com/jayway/jsonpath/json-path/2.6.0/json-path-2.6.0.jar:/home/febarusco/.m2/repository/net/minidev/json-smart/2.4.8/json-smart-2.4.8.jar:/home/febarusco/.m2/repository/net/minidev/accessors-smart/2.4.8/accessors-smart-2.4.8.jar:/home/febarusco/.m2/repository/org/ow2/asm/asm/9.1/asm-9.1.jar:/home/febarusco/.m2/repository/com/fasterxml/jackson/core/jackson-databind/2.13.4/jackson-databind-2.13.4.jar:/home/febarusco/.m2/repository/com/fasterxml/jackson/core/jackson-annotations/2.13.4/jackson-annotations-2.13.4.jar:/home/febarusco/.m2/repository/com/fasterxml/jackson/core/jackson-core/2.13.4/jackson-core-2.13.4.jar:/home/febarusco/.m2/repository/org/apache/commons/commons-text/1.8/commons-text-1.8.jar:/home/febarusco/.m2/repository/commons-codec/commons-codec/1.15/commons-codec-1.15.jar:/home/febarusco/.m2/repository/org/apache/nifi/nifi-data-provenance-utils/1.18.0/nifi-data-provenance-utils-1.18.0.jar:/home/febarusco/.m2/repository/org/slf4j/slf4j-simple/1.7.36/slf4j-simple-1.7.36.jar:/home/febarusco/.m2/repository/org/slf4j/slf4j-api/1.7.36/slf4j-api-1.7.36.jar:/home/febarusco/.m2/repository/org/junit/jupiter/junit-jupiter-api/5.9.0/junit-jupiter-api-5.9.0.jar:/home/febarusco/.m2/repository/org/opentest4j/opentest4j/1.2.0/opentest4j-1.2.0.jar:/home/febarusco/.m2/repository/org/junit/platform/junit-platform-commons/1.9.0/junit-platform-commons-1.9.0.jar:/home/febarusco/.m2/repository/org/apiguardian/apiguardian-api/1.1.2/apiguardian-api-1.1.2.jar:/home/febarusco/.m2/repository/org/junit/jupiter/junit-jupiter-engine/5.9.0/junit-jupiter-engine-5.9.0.jar:/home/febarusco/.m2/repository/org/junit/platform/junit-platform-engine/1.9.0/junit-platform-engine-1.9.0.jar:/home/febarusco/.m2/repository/org/junit/vintage/junit-vintage-engine/5.9.0/junit-vintage-engine-5.9.0.jar:/home/febarusco/.m2/repository/junit/junit/4.13.2/junit-4.13.2.jar:/home/febarusco/.m2/repository/org/hamcrest/hamcrest-core/1.3/hamcrest-core-1.3.jar:/home/febarusco/.m2/repository/org/junit/jupiter/junit-jupiter-params/5.9.0/junit-jupiter-params-5.9.0.jar:/home/febarusco/.m2/repository/org/mockito/mockito-core/3.11.2/mockito-core-3.11.2.jar:/home/febarusco/.m2/repository/net/bytebuddy/byte-buddy/1.11.3/byte-buddy-1.11.3.jar:/home/febarusco/.m2/repository/net/bytebuddy/byte-buddy-agent/1.11.3/byte-buddy-agent-1.11.3.jar:/home/febarusco/.m2/repository/org/objenesis/objenesis/3.2/objenesis-3.2.jar:/home/febarusco/.m2/repository/org/mockito/mockito-junit-jupiter/3.11.2/mockito-junit-jupiter-3.11.2.jar:/home/febarusco/.m2/repository/org/codehaus/groovy/groovy-test/3.0.9/groovy-test-3.0.9.jar:/home/febarusco/.m2/repository/org/codehaus/groovy/groovy/3.0.9/groovy-3.0.9.jar:"/>
    <property name="sun.cpu.endian" value="little"/>
    <property name="user.home" value="/home/febarusco"/>
    <property name="user.language" value="en"/>
    <property name="java.specification.vendor" value="Oracle Corporation"/>
    <property name="java.home" value="/usr/lib/jvm/java-8-openjdk-amd64/jre"/>
    <property name="basedir" value="/home/febarusco/MiC/nifi-registry-1.18.0/apache-nifi-fdlc/CustomProcessor/nifi-customprocessor-bundle/nifi-customprocessor-processors"/>
    <property name="file.separator" value="/"/>
    <property name="line.separator" value="&#10;"/>
    <property name="java.vm.specification.vendor" value="Oracle Corporation"/>
    <property name="java.specification.name" value="Java Platform API Specification"/>
    <property name="java.awt.graphicsenv" value="sun.awt.X11GraphicsEnvironment"/>
    <property name="java.awt.headless" value="true"/>
    <property name="surefire.real.class.path" value="/home/febarusco/MiC/nifi-registry-1.18.0/apache-nifi-fdlc/CustomProcessor/nifi-customprocessor-bundle/nifi-customprocessor-processors/target/surefire/surefirebooter-20221107180347155_3.jar"/>
    <property name="sun.boot.class.path" value="/usr/lib/jvm/java-8-openjdk-amd64/jre/lib/resources.jar:/usr/lib/jvm/java-8-openjdk-amd64/jre/lib/rt.jar:/usr/lib/jvm/java-8-openjdk-amd64/jre/lib/sunrsasign.jar:/usr/lib/jvm/java-8-openjdk-amd64/jre/lib/jsse.jar:/usr/lib/jvm/java-8-openjdk-amd64/jre/lib/jce.jar:/usr/lib/jvm/java-8-openjdk-amd64/jre/lib/charsets.jar:/usr/lib/jvm/java-8-openjdk-amd64/jre/lib/jfr.jar:/usr/lib/jvm/java-8-openjdk-amd64/jre/classes"/>
    <property name="sun.management.compiler" value="HotSpot 64-Bit Tiered Compilers"/>
    <property name="java.runtime.version" value="1.8.0_342-8u342-b07-0ubuntu1~22.04-b07"/>
    <property name="user.name" value="febarusco"/>
    <property name="path.separator" value=":"/>
    <property name="os.version" value="5.10.102.1-microsoft-standard-WSL2"/>
    <property name="java.endorsed.dirs" value="/usr/lib/jvm/java-8-openjdk-amd64/jre/lib/endorsed"/>
    <property name="java.runtime.name" value="OpenJDK Runtime Environment"/>
    <property name="file.encoding" value="UTF-8"/>
    <property name="java.vm.name" value="OpenJDK 64-Bit Server VM"/>
    <property name="maven.ext.class.path" value="/mnt/c/Program Files/JetBrains/IntelliJ IDEA Community Edition 2020.3.3/plugins/maven/lib/maven-event-listener.jar"/>
    <property name="localRepository" value="/home/febarusco/.m2/repository"/>
    <property name="java.vendor.url.bug" value="http://bugreport.sun.com/bugreport/"/>
    <property name="java.io.tmpdir" value="/tmp"/>
    <property name="java.version" value="1.8.0_342"/>
    <property name="user.dir" value="/home/febarusco/MiC/nifi-registry-1.18.0/apache-nifi-fdlc/CustomProcessor/nifi-customprocessor-bundle/nifi-customprocessor-processors"/>
    <property name="os.arch" value="amd64"/>
    <property name="java.vm.specification.name" value="Java Virtual Machine Specification"/>
    <property name="java.awt.printerjob" value="sun.print.PSPrinterJob"/>
    <property name="sun.os.patch.level" value="unknown"/>
    <property name="java.library.path" value="/usr/java/packages/lib/amd64:/usr/lib/x86_64-linux-gnu/jni:/lib/x86_64-linux-gnu:/usr/lib/x86_64-linux-gnu:/usr/lib/jni:/lib:/usr/lib"/>
    <property name="java.vm.info" value="mixed mode"/>
    <property name="java.vendor" value="Private Build"/>
    <property name="java.vm.version" value="25.342-b07"/>
    <property name="java.ext.dirs" value="/usr/lib/jvm/java-8-openjdk-amd64/jre/lib/ext:/usr/java/packages/lib/ext"/>
    <property name="sun.io.unicode.encoding" value="UnicodeLittle"/>
    <property name="java.class.version" value="52.0"/>
  </properties>
  <testcase name="testProcessor" classname="org.apache.nifi.processors.customprocessor.MyProcessorTest" time="0.064"/>
</testsuite>